
> mi-cultivo@0.1.0 dev
> next dev

[baseline-browser-mapping] The data in this module is over two months old.  To ensure accurate Baseline data, please update: `npm i baseline-browser-mapping@latest -D`
   ▲ Next.js 16.0.7 (Turbopack)
   - Local:         http://localhost:3000
   - Network:       http://192.168.0.2:3000
   - Environments: .env.local

 ✓ Starting...
 ⚠ The "middleware" file convention is deprecated. Please use "proxy" instead. Learn more: https://nextjs.org/docs/messages/middleware-to-proxy
 ✓ Ready in 1636ms
 ○ Compiling /test-card ...
 ⨯ Error: Invalid src prop (https://upload.wikimedia.org/wikipedia/commons/thumb/5/5a/Cannabis_sativa_Koehler_drawing.jpg/640px-Cannabis_sativa_Koehler_drawing.jpg) on `next/image`, hostname "upload.wikimedia.org" is not configured under images in your `next.config.js`
See more info: https://nextjs.org/docs/messages/next-image-unconfigured-host
    at ignore-listed frames {
  digest: '800823900'
}
 GET /test-card 500 in 5.5s (compile: 4.8s, proxy.ts: 136ms, render: 476ms)
 GET /test-card 200 in 267ms (compile: 82ms, proxy.ts: 13ms, render: 172ms)
 ✓ Compiled in 5ms
-browser-mapping] The data in this module is over two months old.  To ensure accurate Baseline data, please update: `npm i baseline-browser-mapping@latest -D`
[?25h
